  main.cpp
C:\Program Files (x86)\Microsoft Visual Studio\2019\Community\VC\Tools\MSVC\14.28.29333\include\xmemory(701): error C2259: 'Light': cannot instantiate abstract class
C:\Users\tom_f\Documents\GitHub\ComputerGraphicsCSE167x\hw3-windows\hw2-windows\light.h(5): message : see declaration of 'Light'
C:\Program Files (x86)\Microsoft Visual Studio\2019\Community\VC\Tools\MSVC\14.28.29333\include\xmemory(701): message : due to following members:
C:\Program Files (x86)\Microsoft Visual Studio\2019\Community\VC\Tools\MSVC\14.28.29333\include\xmemory(701): message : 'void Light::generateLightRay(LocalGeo &,Ray *,vec3 *)': is abstract
C:\Users\tom_f\Documents\GitHub\ComputerGraphicsCSE167x\hw3-windows\hw2-windows\light.h(8): message : see declaration of 'Light::generateLightRay'
C:\Program Files (x86)\Microsoft Visual Studio\2019\Community\VC\Tools\MSVC\14.28.29333\include\xmemory(1546): message : see reference to function template instantiation 'void std::_Default_allocator_traits<_Alloc>::construct<_Ty,Light&>(_Alloc &,_Objty *const ,Light &)' being compiled
          with
          [
              _Alloc=std::allocator<Light>,
              _Ty=Light,
              _Objty=Light
          ]
C:\Program Files (x86)\Microsoft Visual Studio\2019\Community\VC\Tools\MSVC\14.28.29333\include\xmemory(1546): message : see reference to function template instantiation 'void std::_Default_allocator_traits<_Alloc>::construct<_Ty,Light&>(_Alloc &,_Objty *const ,Light &)' being compiled
          with
          [
              _Alloc=std::allocator<Light>,
              _Ty=Light,
              _Objty=Light
          ]
C:\Program Files (x86)\Microsoft Visual Studio\2019\Community\VC\Tools\MSVC\14.28.29333\include\xmemory(1580): message : see reference to function template instantiation 'void std::_Uninitialized_backout_al<_Alloc>::_Emplace_back<Light&>(Light &)' being compiled
          with
          [
              _Alloc=std::allocator<Light>
          ]
C:\Program Files (x86)\Microsoft Visual Studio\2019\Community\VC\Tools\MSVC\14.28.29333\include\xmemory(1580): message : see reference to function template instantiation 'void std::_Uninitialized_backout_al<_Alloc>::_Emplace_back<Light&>(Light &)' being compiled
          with
          [
              _Alloc=std::allocator<Light>
          ]
C:\Program Files (x86)\Microsoft Visual Studio\2019\Community\VC\Tools\MSVC\14.28.29333\include\vector(1588): message : see reference to function template instantiation 'Light *std::_Uninitialized_copy<_Iter,std::allocator<Light>>(const _InIt,const _InIt,Light *,_Alloc &)' being compiled
          with
          [
              _Iter=Light *,
              _InIt=Light *,
              _Alloc=std::allocator<Light>
          ]
C:\Program Files (x86)\Microsoft Visual Studio\2019\Community\VC\Tools\MSVC\14.28.29333\include\vector(531): message : see reference to function template instantiation 'Light *std::vector<Light,std::allocator<Light>>::_Ucopy<Light*>(_Iter,_Iter,Light *)' being compiled
          with
          [
              _Iter=Light *
          ]
C:\Program Files (x86)\Microsoft Visual Studio\2019\Community\VC\Tools\MSVC\14.28.29333\include\vector(531): message : see reference to function template instantiation 'Light *std::vector<Light,std::allocator<Light>>::_Ucopy<Light*>(_Iter,_Iter,Light *)' being compiled
          with
          [
              _Iter=Light *
          ]
C:\Program Files (x86)\Microsoft Visual Studio\2019\Community\VC\Tools\MSVC\14.28.29333\include\vector(520): message : while compiling class template member function 'std::vector<Light,std::allocator<Light>>::vector(const std::vector<Light,std::allocator<Light>> &)'
C:\Users\tom_f\Documents\GitHub\ComputerGraphicsCSE167x\hw3-windows\hw2-windows\main.cpp(174): message : see reference to function template instantiation 'std::vector<Light,std::allocator<Light>>::vector(const std::vector<Light,std::allocator<Light>> &)' being compiled
C:\Users\tom_f\Documents\GitHub\ComputerGraphicsCSE167x\hw3-windows\hw2-windows\Scene.h(31): message : see reference to class template instantiation 'std::vector<Light,std::allocator<Light>>' being compiled
C:\Program Files (x86)\Microsoft Visual Studio\2019\Community\VC\Tools\MSVC\14.28.29333\include\xmemory(701,82): error C2259: 'Light': cannot instantiate abstract class
C:\Users\tom_f\Documents\GitHub\ComputerGraphicsCSE167x\hw3-windows\hw2-windows\light.h(5): message : see declaration of 'Light'
C:\Program Files (x86)\Microsoft Visual Studio\2019\Community\VC\Tools\MSVC\14.28.29333\include\xmemory(701,82): message : due to following members:
C:\Program Files (x86)\Microsoft Visual Studio\2019\Community\VC\Tools\MSVC\14.28.29333\include\xmemory(701,82): message : 'void Light::generateLightRay(LocalGeo &,Ray *,vec3 *)': is abstract
C:\Users\tom_f\Documents\GitHub\ComputerGraphicsCSE167x\hw3-windows\hw2-windows\light.h(8): message : see declaration of 'Light::generateLightRay'
  raytracer.cpp
C:\Users\tom_f\Documents\GitHub\ComputerGraphicsCSE167x\hw3-windows\hw2-windows\raytracer.cpp(22,13): error C2259: 'Light': cannot instantiate abstract class
C:\Users\tom_f\Documents\GitHub\ComputerGraphicsCSE167x\hw3-windows\hw2-windows\light.h(5): message : see declaration of 'Light'
C:\Users\tom_f\Documents\GitHub\ComputerGraphicsCSE167x\hw3-windows\hw2-windows\raytracer.cpp(22,13): message : due to following members:
C:\Users\tom_f\Documents\GitHub\ComputerGraphicsCSE167x\hw3-windows\hw2-windows\raytracer.cpp(22,13): message : 'void Light::generateLightRay(LocalGeo &,Ray *,vec3 *)': is abstract
C:\Users\tom_f\Documents\GitHub\ComputerGraphicsCSE167x\hw3-windows\hw2-windows\light.h(8): message : see declaration of 'Light::generateLightRay'
C:\Users\tom_f\Documents\GitHub\ComputerGraphicsCSE167x\hw3-windows\hw2-windows\raytracer.cpp(22,31): error C2259: 'Light': cannot instantiate abstract class
C:\Users\tom_f\Documents\GitHub\ComputerGraphicsCSE167x\hw3-windows\hw2-windows\light.h(5): message : see declaration of 'Light'
C:\Users\tom_f\Documents\GitHub\ComputerGraphicsCSE167x\hw3-windows\hw2-windows\raytracer.cpp(22,31): message : due to following members:
C:\Users\tom_f\Documents\GitHub\ComputerGraphicsCSE167x\hw3-windows\hw2-windows\raytracer.cpp(22,31): message : 'void Light::generateLightRay(LocalGeo &,Ray *,vec3 *)': is abstract
C:\Users\tom_f\Documents\GitHub\ComputerGraphicsCSE167x\hw3-windows\hw2-windows\light.h(8): message : see declaration of 'Light::generateLightRay'
  readfile.cpp
C:\Users\tom_f\Documents\GitHub\ComputerGraphicsCSE167x\hw3-windows\hw2-windows\readfile.h(38,6): error C2086: 'vec3 eye': redefinition
C:\Users\tom_f\Documents\GitHub\ComputerGraphicsCSE167x\hw3-windows\hw2-windows\readfile.h(13): message : see declaration of 'eye'
C:\Users\tom_f\Documents\GitHub\ComputerGraphicsCSE167x\hw3-windows\hw2-windows\readfile.h(39,6): error C2086: 'vec3 center': redefinition
C:\Users\tom_f\Documents\GitHub\ComputerGraphicsCSE167x\hw3-windows\hw2-windows\readfile.h(14): message : see declaration of 'center'
C:\Users\tom_f\Documents\GitHub\ComputerGraphicsCSE167x\hw3-windows\hw2-windows\readfile.h(40,6): error C2086: 'vec3 up': redefinition
C:\Users\tom_f\Documents\GitHub\ComputerGraphicsCSE167x\hw3-windows\hw2-windows\readfile.h(15): message : see declaration of 'up'
C:\Users\tom_f\Documents\GitHub\ComputerGraphicsCSE167x\hw3-windows\hw2-windows\readfile.h(45,19): error C2065: 'stack': undeclared identifier
C:\Users\tom_f\Documents\GitHub\ComputerGraphicsCSE167x\hw3-windows\hw2-windows\readfile.h(45,25): error C2275: 'mat4': illegal use of this type as an expression
C:\Users\tom_f\Documents\GitHub\ComputerGraphicsCSE167x\hw3-windows\hw2-windows\variables.h(20): message : see declaration of 'mat4'
C:\Users\tom_f\Documents\GitHub\ComputerGraphicsCSE167x\hw3-windows\hw2-windows\readfile.h(45,54): error C2065: 'values': undeclared identifier
C:\Users\tom_f\Documents\GitHub\ComputerGraphicsCSE167x\hw3-windows\hw2-windows\readfile.h(45,45): error C2275: 'GLfloat': illegal use of this type as an expression
C:\Users\tom_f\Documents\GitHub\ComputerGraphicsCSE167x\hw3-windows\packages\glew.1.9.0.1\build\native\include\GL\glew.h(273): message : see declaration of 'GLfloat'
C:\Users\tom_f\Documents\GitHub\ComputerGraphicsCSE167x\hw3-windows\hw2-windows\readfile.h(45,60): error C2182: 'matransform': illegal use of type 'void'
C:\Users\tom_f\Documents\GitHub\ComputerGraphicsCSE167x\hw3-windows\hw2-windows\readfile.h(46,42): error C2061: syntax error: identifier 'stack'
C:\Users\tom_f\Documents\GitHub\ComputerGraphicsCSE167x\hw3-windows\hw2-windows\readfile.h(47,16): error C2065: 'stringstream': undeclared identifier
C:\Users\tom_f\Documents\GitHub\ComputerGraphicsCSE167x\hw3-windows\hw2-windows\readfile.h(47,30): error C2065: 's': undeclared identifier
C:\Users\tom_f\Documents\GitHub\ComputerGraphicsCSE167x\hw3-windows\hw2-windows\readfile.h(47,33): error C2059: syntax error: 'const'
C:\Users\tom_f\Documents\GitHub\ComputerGraphicsCSE167x\hw3-windows\hw2-windows\readfile.cpp(32,6): error C2365: 'matransform': redefinition; previous definition was 'data variable'
C:\Users\tom_f\Documents\GitHub\ComputerGraphicsCSE167x\hw3-windows\hw2-windows\readfile.h(45): message : see declaration of 'matransform'
C:\Users\tom_f\Documents\GitHub\ComputerGraphicsCSE167x\hw3-windows\hw2-windows\readfile.cpp(142,46): error C2679: binary '=': no operator found which takes a right-hand operand of type 'GLfloat' (or there is no acceptable conversion)
C:\Users\tom_f\Documents\GitHub\ComputerGraphicsCSE167x\hw3-windows\packages\glm.0.9.7.1\build\native\include\glm\detail\type_vec3.hpp(177,5): message : could be 'glm::tvec3<float,glm::highp> &glm::tvec3<float,glm::highp>::operator =(const glm::tvec3<float,glm::highp> &)'
C:\Users\tom_f\Documents\GitHub\ComputerGraphicsCSE167x\hw3-windows\hw2-windows\readfile.cpp(142,46): message : while trying to match the argument list '(vec3, GLfloat)'
C:\Users\tom_f\Documents\GitHub\ComputerGraphicsCSE167x\hw3-windows\hw2-windows\readfile.cpp(174,30): error C2065: 'obj': undeclared identifier
C:\Users\tom_f\Documents\GitHub\ComputerGraphicsCSE167x\hw3-windows\hw2-windows\readfile.cpp(175,30): error C2065: 'obj': undeclared identifier
C:\Users\tom_f\Documents\GitHub\ComputerGraphicsCSE167x\hw3-windows\hw2-windows\readfile.cpp(176,30): error C2065: 'obj': undeclared identifier
C:\Users\tom_f\Documents\GitHub\ComputerGraphicsCSE167x\hw3-windows\hw2-windows\readfile.cpp(177,30): error C2065: 'obj': undeclared identifier
C:\Users\tom_f\Documents\GitHub\ComputerGraphicsCSE167x\hw3-windows\hw2-windows\readfile.cpp(179,25): error C2065: 'obj': undeclared identifier
C:\Users\tom_f\Documents\GitHub\ComputerGraphicsCSE167x\hw3-windows\hw2-windows\readfile.cpp(182,25): error C2065: 'obj': undeclared identifier
  Scene.cpp
C:\Users\tom_f\Documents\GitHub\ComputerGraphicsCSE167x\hw3-windows\hw2-windows\Scene.cpp(50,11): warning C4778: 'printf' : unterminated format string '%\n'
C:\Program Files (x86)\Microsoft Visual Studio\2019\Community\VC\Tools\MSVC\14.28.29333\include\xmemory(701): error C2259: 'Light': cannot instantiate abstract class
C:\Users\tom_f\Documents\GitHub\ComputerGraphicsCSE167x\hw3-windows\hw2-windows\light.h(5): message : see declaration of 'Light'
C:\Program Files (x86)\Microsoft Visual Studio\2019\Community\VC\Tools\MSVC\14.28.29333\include\xmemory(701): message : due to following members:
C:\Program Files (x86)\Microsoft Visual Studio\2019\Community\VC\Tools\MSVC\14.28.29333\include\xmemory(701): message : 'void Light::generateLightRay(LocalGeo &,Ray *,vec3 *)': is abstract
C:\Users\tom_f\Documents\GitHub\ComputerGraphicsCSE167x\hw3-windows\hw2-windows\light.h(8): message : see declaration of 'Light::generateLightRay'
C:\Program Files (x86)\Microsoft Visual Studio\2019\Community\VC\Tools\MSVC\14.28.29333\include\xmemory(1546): message : see reference to function template instantiation 'void std::_Default_allocator_traits<_Alloc>::construct<_Ty,Light&>(_Alloc &,_Objty *const ,Light &)' being compiled
          with
          [
              _Alloc=std::allocator<Light>,
              _Ty=Light,
              _Objty=Light
          ]
C:\Program Files (x86)\Microsoft Visual Studio\2019\Community\VC\Tools\MSVC\14.28.29333\include\xmemory(1546): message : see reference to function template instantiation 'void std::_Default_allocator_traits<_Alloc>::construct<_Ty,Light&>(_Alloc &,_Objty *const ,Light &)' being compiled
          with
          [
              _Alloc=std::allocator<Light>,
              _Ty=Light,
              _Objty=Light
          ]
C:\Program Files (x86)\Microsoft Visual Studio\2019\Community\VC\Tools\MSVC\14.28.29333\include\xmemory(1580): message : see reference to function template instantiation 'void std::_Uninitialized_backout_al<_Alloc>::_Emplace_back<Light&>(Light &)' being compiled
          with
          [
              _Alloc=std::allocator<Light>
          ]
C:\Program Files (x86)\Microsoft Visual Studio\2019\Community\VC\Tools\MSVC\14.28.29333\include\xmemory(1580): message : see reference to function template instantiation 'void std::_Uninitialized_backout_al<_Alloc>::_Emplace_back<Light&>(Light &)' being compiled
          with
          [
              _Alloc=std::allocator<Light>
          ]
C:\Program Files (x86)\Microsoft Visual Studio\2019\Community\VC\Tools\MSVC\14.28.29333\include\vector(1588): message : see reference to function template instantiation 'Light *std::_Uninitialized_copy<_Iter,std::allocator<Light>>(const _InIt,const _InIt,Light *,_Alloc &)' being compiled
          with
          [
              _Iter=Light *,
              _InIt=Light *,
              _Alloc=std::allocator<Light>
          ]
C:\Program Files (x86)\Microsoft Visual Studio\2019\Community\VC\Tools\MSVC\14.28.29333\include\vector(531): message : see reference to function template instantiation 'Light *std::vector<Light,std::allocator<Light>>::_Ucopy<Light*>(_Iter,_Iter,Light *)' being compiled
          with
          [
              _Iter=Light *
          ]
C:\Program Files (x86)\Microsoft Visual Studio\2019\Community\VC\Tools\MSVC\14.28.29333\include\vector(531): message : see reference to function template instantiation 'Light *std::vector<Light,std::allocator<Light>>::_Ucopy<Light*>(_Iter,_Iter,Light *)' being compiled
          with
          [
              _Iter=Light *
          ]
C:\Program Files (x86)\Microsoft Visual Studio\2019\Community\VC\Tools\MSVC\14.28.29333\include\vector(520): message : while compiling class template member function 'std::vector<Light,std::allocator<Light>>::vector(const std::vector<Light,std::allocator<Light>> &)'
C:\Users\tom_f\Documents\GitHub\ComputerGraphicsCSE167x\hw3-windows\hw2-windows\Scene.cpp(32): message : see reference to function template instantiation 'std::vector<Light,std::allocator<Light>>::vector(const std::vector<Light,std::allocator<Light>> &)' being compiled
C:\Users\tom_f\Documents\GitHub\ComputerGraphicsCSE167x\hw3-windows\hw2-windows\Scene.h(31): message : see reference to class template instantiation 'std::vector<Light,std::allocator<Light>>' being compiled
C:\Program Files (x86)\Microsoft Visual Studio\2019\Community\VC\Tools\MSVC\14.28.29333\include\xmemory(701,82): error C2259: 'Light': cannot instantiate abstract class
C:\Users\tom_f\Documents\GitHub\ComputerGraphicsCSE167x\hw3-windows\hw2-windows\light.h(5): message : see declaration of 'Light'
C:\Program Files (x86)\Microsoft Visual Studio\2019\Community\VC\Tools\MSVC\14.28.29333\include\xmemory(701,82): message : due to following members:
C:\Program Files (x86)\Microsoft Visual Studio\2019\Community\VC\Tools\MSVC\14.28.29333\include\xmemory(701,82): message : 'void Light::generateLightRay(LocalGeo &,Ray *,vec3 *)': is abstract
C:\Users\tom_f\Documents\GitHub\ComputerGraphicsCSE167x\hw3-windows\hw2-windows\light.h(8): message : see declaration of 'Light::generateLightRay'
