e:\google drive\courses\cse167x\hw3-windows\hw2-windows\debug\vc142.pdb
e:\google drive\courses\cse167x\hw3-windows\hw2-windows\debug\vc142.idb
e:\google drive\courses\cse167x\hw3-windows\hw2-windows\debug\sampler.obj
e:\google drive\courses\cse167x\hw3-windows\hw2-windows\debug\raytracer.obj
e:\google drive\courses\cse167x\hw3-windows\hw2-windows\debug\primitive.obj
e:\google drive\courses\cse167x\hw3-windows\hw2-windows\debug\film.obj
e:\google drive\courses\cse167x\hw3-windows\hw2-windows\debug\camera.obj
e:\google drive\courses\cse167x\hw3-windows\hw2-windows\debug\source.obj
e:\google drive\courses\cse167x\hw3-windows\hw2-windows\debug\ray.obj
e:\google drive\courses\cse167x\hw3-windows\hw2-windows\debug\geometry.obj
e:\google drive\courses\cse167x\hw3-windows\hw2-windows\debug\transform.obj
e:\google drive\courses\cse167x\hw3-windows\hw2-windows\debug\main.obj
e:\google drive\courses\cse167x\hw3-windows\hw2-windows\debug\scene.obj
e:\google drive\courses\cse167x\hw3-windows\hw2-windows\debug\shape.obj
e:\google drive\courses\cse167x\hw3-windows\hw2-windows\debug\material.obj
e:\google drive\courses\cse167x\hw3-windows\hw2-windows\debug\interaction.obj
e:\google drive\courses\cse167x\hw3-windows\hw2-windows\debug\light.obj
e:\google drive\courses\cse167x\hw3-windows\debug\hw3-windows.exe
e:\google drive\courses\cse167x\hw3-windows\debug\hw3-windows.ilk
e:\google drive\courses\cse167x\hw3-windows\debug\hw3-windows.pdb
e:\google drive\courses\cse167x\hw3-windows\hw2-windows\debug\display.obj
e:\google drive\courses\cse167x\hw3-windows\hw2-windows\debug\grader.obj
e:\google drive\courses\cse167x\hw3-windows\hw2-windows\debug\readfile.obj
e:\google drive\courses\cse167x\hw3-windows\hw2-windows\debug\shaders.obj
e:\google drive\courses\cse167x\hw3-windows\hw2-windows\debug\main.obj.enc
e:\google drive\courses\cse167x\hw3-windows\hw2-windows\debug\primitive.obj.enc
e:\google drive\courses\cse167x\hw3-windows\hw2-windows\debug\raytracer.obj.enc
e:\google drive\courses\cse167x\hw3-windows\hw2-windows\debug\scene.obj.enc
e:\google drive\courses\cse167x\hw3-windows\hw2-windows\debug\shape.obj.enc
e:\google drive\courses\cse167x\hw3-windows\hw2-windows\debug\nativecodeanalysis.read.1.tlog
e:\google drive\courses\cse167x\hw3-windows\hw2-windows\debug\primitive.nativecodeanalysis.xml
e:\google drive\courses\cse167x\hw3-windows\hw2-windows\debug\vc.nativecodeanalysis.all.xml
e:\google drive\courses\cse167x\hw3-windows\hw2-windows\debug\hw3-windows.tlog\cl.command.1.tlog
e:\google drive\courses\cse167x\hw3-windows\hw2-windows\debug\hw3-windows.tlog\cl.read.1.tlog
e:\google drive\courses\cse167x\hw3-windows\hw2-windows\debug\hw3-windows.tlog\cl.write.1.tlog
e:\google drive\courses\cse167x\hw3-windows\hw2-windows\debug\hw3-windows.tlog\link.command.1.tlog
e:\google drive\courses\cse167x\hw3-windows\hw2-windows\debug\hw3-windows.tlog\link.read.1.tlog
e:\google drive\courses\cse167x\hw3-windows\hw2-windows\debug\hw3-windows.tlog\link.write.1.tlog
